<?xml version="1.0" encoding="UTF-8"?>
<!-- Generated by org.testng.reporters.JUnitReportReporter -->
<testsuite skipped="0" hostname="LAPTOP-0OQLUU6N" name="com.wordpress.qa.testcases.PostPageTest" tests="2" failures="0" timestamp="21 Feb 2019 15:56:42 GMT" time="54.578" errors="0">
  <testcase name="verifyIfOnPostsPageTest" time="30.381" classname="com.wordpress.qa.testcases.PostPageTest"/>
  <testcase name="clickOnAddNewTest" time="24.197" classname="com.wordpress.qa.testcases.PostPageTest"/>
</testsuite> <!-- com.wordpress.qa.testcases.PostPageTest -->
