<?xml version="1.0" encoding="UTF-8"?>
<!-- Generated by org.testng.reporters.JUnitReportReporter -->
<testsuite skipped="0" hostname="LAPTOP-0OQLUU6N" name="com.wordpress.qa.testcases.LoginPageTest" tests="1" failures="0" timestamp="24 Feb 2019 06:25:53 GMT" time="39.219" errors="0">
  <testcase name="loginTest" time="39.219" classname="com.wordpress.qa.testcases.LoginPageTest"/>
</testsuite> <!-- com.wordpress.qa.testcases.LoginPageTest -->
